<?xml version="1.0" encoding="UTF-8"?>
<robot generator="Robot 4.1 (Python 3.9.6 on win32)" generated="20210820 17:02:34.928" rpa="false" schemaversion="2">
<suite id="s1" name="TesteWeb2" source="C:\Users\Shirlaine\Desktop\Desafio_Bemol\TesteWebII\TesteWeb2.robot">
<kw name="Abrir Navegador" library="ResourceWeb2" type="SETUP">
<kw name="Open Browser" library="SeleniumLibrary">
<arg>about:blank</arg>
<arg>${BROWSER}</arg>
<doc>Opens a new browser instance to the optional ``url``.</doc>
<msg timestamp="20210820 17:02:36.147" level="INFO">Opening browser 'chrome' to base url 'about:blank'.</msg>
<status status="PASS" starttime="20210820 17:02:36.147" endtime="20210820 17:02:40.871"/>
</kw>
<status status="PASS" starttime="20210820 17:02:36.146" endtime="20210820 17:02:40.873"/>
</kw>
<test id="s1-t1" name="Pesquisar no Site">
<kw name="Acessar a página home do site" library="ResourceWeb2">
<kw name="Go To" library="SeleniumLibrary">
<arg>${URL}</arg>
<doc>Navigates the current browser window to the provided ``url``.</doc>
<msg timestamp="20210820 17:02:40.877" level="INFO">Opening url 'http://www.trivago.com.br/'</msg>
<status status="PASS" starttime="20210820 17:02:40.876" endtime="20210820 17:02:48.907"/>
</kw>
<kw name="Set Selenium Implicit Wait" library="SeleniumLibrary">
<arg>${TIME}</arg>
<doc>Sets the implicit wait value used by Selenium.</doc>
<status status="PASS" starttime="20210820 17:02:48.908" endtime="20210820 17:02:48.911"/>
</kw>
<status status="PASS" starttime="20210820 17:02:40.875" endtime="20210820 17:02:48.912"/>
</kw>
<kw name="Digitar o valor &quot;Manaus&quot; no campo de pesquisa" library="ResourceWeb2" sourcename="Digitar o valor &quot;${CIDADE}&quot; no campo de pesquisa">
<kw name="Input Text" library="SeleniumLibrary">
<arg>css=#querytext</arg>
<arg>${CIDADE}</arg>
<doc>Types the given ``text`` into the text field identified by ``locator``.</doc>
<msg timestamp="20210820 17:02:48.917" level="INFO">Typing text 'Manaus' into text field 'css=#querytext'.</msg>
<status status="PASS" starttime="20210820 17:02:48.915" endtime="20210820 17:02:49.402"/>
</kw>
<status status="PASS" starttime="20210820 17:02:48.914" endtime="20210820 17:02:49.403"/>
</kw>
<kw name="Clicar no botão Pesquisar" library="ResourceWeb2">
<kw name="Click Element" library="SeleniumLibrary">
<arg>xpath=//*[@id="suggestion-56507/200"]/div/span[2]</arg>
<doc>Click the element identified by ``locator``.</doc>
<msg timestamp="20210820 17:02:49.439" level="INFO">Clicking element 'xpath=//*[@id="suggestion-56507/200"]/div/span[2]'.</msg>
<status status="PASS" starttime="20210820 17:02:49.438" endtime="20210820 17:02:50.372"/>
</kw>
<kw name="Set Selenium Implicit Wait" library="SeleniumLibrary">
<arg>${TIME}</arg>
<doc>Sets the implicit wait value used by Selenium.</doc>
<status status="PASS" starttime="20210820 17:02:50.372" endtime="20210820 17:02:50.377"/>
</kw>
<kw name="Click Element" library="SeleniumLibrary">
<arg>xpath=//*[@id="js-fullscreen-hero"]/div[1]/div[2]/form/div/div[4]/div[1]/button/span[1]</arg>
<doc>Click the element identified by ``locator``.</doc>
<msg timestamp="20210820 17:02:50.378" level="INFO">Clicking element 'xpath=//*[@id="js-fullscreen-hero"]/div[1]/div[2]/form/div/div[4]/div[1]/button/span[1]'.</msg>
<status status="PASS" starttime="20210820 17:02:50.377" endtime="20210820 17:02:50.570"/>
</kw>
<kw name="Wait Until Element Is Visible" library="SeleniumLibrary">
<arg>xpath=//*[@id="onetrust-banner-sdk"]/div/div[1]</arg>
<doc>Waits until the element ``locator`` is visible.</doc>
<status status="PASS" starttime="20210820 17:02:50.570" endtime="20210820 17:02:52.523"/>
</kw>
<kw name="Set Selenium Implicit Wait" library="SeleniumLibrary">
<arg>${TIME}</arg>
<doc>Sets the implicit wait value used by Selenium.</doc>
<status status="PASS" starttime="20210820 17:02:52.523" endtime="20210820 17:02:52.526"/>
</kw>
<kw name="Set Selenium Implicit Wait" library="SeleniumLibrary">
<arg>${TIME}</arg>
<doc>Sets the implicit wait value used by Selenium.</doc>
<status status="PASS" starttime="20210820 17:02:52.527" endtime="20210820 17:02:52.530"/>
</kw>
<kw name="Double Click Element" library="SeleniumLibrary">
<arg>css=#js-homepage-title &gt; h1</arg>
<doc>Double clicks the element identified by ``locator``.</doc>
<msg timestamp="20210820 17:02:52.531" level="INFO">Double clicking element 'css=#js-homepage-title &gt; h1'.</msg>
<status status="PASS" starttime="20210820 17:02:52.530" endtime="20210820 17:02:52.993"/>
</kw>
<kw name="Click Element" library="SeleniumLibrary">
<arg>xpath=//*[@id="onetrust-accept-btn-handler"]</arg>
<doc>Click the element identified by ``locator``.</doc>
<msg timestamp="20210820 17:02:52.994" level="INFO">Clicking element 'xpath=//*[@id="onetrust-accept-btn-handler"]'.</msg>
<status status="PASS" starttime="20210820 17:02:52.993" endtime="20210820 17:02:53.171"/>
</kw>
<kw name="Set Selenium Implicit Wait" library="SeleniumLibrary">
<arg>${TIME}</arg>
<doc>Sets the implicit wait value used by Selenium.</doc>
<status status="PASS" starttime="20210820 17:02:53.172" endtime="20210820 17:02:53.198"/>
</kw>
<kw name="Click Element" library="SeleniumLibrary">
<arg>xpath=//*[@id="onetrust-accept-btn-handler"]</arg>
<doc>Click the element identified by ``locator``.</doc>
<msg timestamp="20210820 17:02:53.199" level="INFO">Clicking element 'xpath=//*[@id="onetrust-accept-btn-handler"]'.</msg>
<status status="PASS" starttime="20210820 17:02:53.198" endtime="20210820 17:02:53.360"/>
</kw>
<kw name="Double Click Element" library="SeleniumLibrary">
<arg>css=#js-homepage-title &gt; h1</arg>
<doc>Double clicks the element identified by ``locator``.</doc>
<msg timestamp="20210820 17:02:53.361" level="INFO">Double clicking element 'css=#js-homepage-title &gt; h1'.</msg>
<status status="PASS" starttime="20210820 17:02:53.360" endtime="20210820 17:02:53.826"/>
</kw>
<kw name="Set Selenium Implicit Wait" library="SeleniumLibrary">
<arg>${TIME}</arg>
<doc>Sets the implicit wait value used by Selenium.</doc>
<status status="PASS" starttime="20210820 17:02:53.827" endtime="20210820 17:02:53.836"/>
</kw>
<kw name="Click Element" library="SeleniumLibrary">
<arg>xpath=//*[@id="js-fullscreen-hero"]/div[1]/div[2]/form/div/button[2]/span[2]</arg>
<doc>Click the element identified by ``locator``.</doc>
<msg timestamp="20210820 17:02:53.837" level="INFO">Clicking element 'xpath=//*[@id="js-fullscreen-hero"]/div[1]/div[2]/form/div/button[2]/span[2]'.</msg>
<status status="PASS" starttime="20210820 17:02:53.837" endtime="20210820 17:02:55.038"/>
</kw>
<status status="PASS" starttime="20210820 17:02:49.437" endtime="20210820 17:02:55.039"/>
</kw>
<kw name="Selecionar a opção ordenar por &quot;Avaliação e Sugestões&quot;" library="ResourceWeb2">
<kw name="Set Selenium Implicit Wait" library="SeleniumLibrary">
<arg>${TIME}</arg>
<doc>Sets the implicit wait value used by Selenium.</doc>
<status status="PASS" starttime="20210820 17:02:55.042" endtime="20210820 17:02:55.045"/>
</kw>
<kw name="Wait Until Element Is Visible" library="SeleniumLibrary">
<arg>xpath=//*[@id="1476461"]/div/article/div[1]/div[1]/div[2]/div/img</arg>
<doc>Waits until the element ``locator`` is visible.</doc>
<status status="PASS" starttime="20210820 17:02:55.046" endtime="20210820 17:02:58.127"/>
</kw>
<kw name="Click Element" library="SeleniumLibrary">
<arg>xpath=//*[@id="mf-select-sortby"]</arg>
<doc>Click the element identified by ``locator``.</doc>
<msg timestamp="20210820 17:02:58.128" level="INFO">Clicking element 'xpath=//*[@id="mf-select-sortby"]'.</msg>
<status status="PASS" starttime="20210820 17:02:58.127" endtime="20210820 17:02:58.293"/>
</kw>
<kw name="Select From List By Value" library="SeleniumLibrary">
<arg>xpath=//*[@id="mf-select-sortby"]</arg>
<arg>7</arg>
<doc>Selects options from selection list ``locator`` by ``values``.</doc>
<msg timestamp="20210820 17:02:58.294" level="INFO">Selecting options from selection list 'xpath=//*[@id="mf-select-sortby"]' by value 7.</msg>
<status status="PASS" starttime="20210820 17:02:58.294" endtime="20210820 17:02:58.602"/>
</kw>
<kw name="Set Selenium Implicit Wait" library="SeleniumLibrary">
<arg>${TIME}</arg>
<doc>Sets the implicit wait value used by Selenium.</doc>
<status status="PASS" starttime="20210820 17:02:58.603" endtime="20210820 17:02:58.607"/>
</kw>
<kw name="Set Selenium Implicit Wait" library="SeleniumLibrary">
<arg>${TIME}</arg>
<doc>Sets the implicit wait value used by Selenium.</doc>
<status status="PASS" starttime="20210820 17:02:58.608" endtime="20210820 17:02:58.611"/>
</kw>
<kw name="Wait Until Element Is Visible" library="SeleniumLibrary">
<arg>xpath=//*[@id="1476461"]/div/article/div[1]/div[1]/div[2]/div/img</arg>
<doc>Waits until the element ``locator`` is visible.</doc>
<status status="PASS" starttime="20210820 17:02:58.612" endtime="20210820 17:02:58.966"/>
</kw>
<status status="PASS" starttime="20210820 17:02:55.040" endtime="20210820 17:02:58.967"/>
</kw>
<kw name="Realizar Conferência de Nome" library="ResourceWeb2">
<kw name="Page Should Contain Image" library="SeleniumLibrary">
<arg>xpath=//*[@id="1476461"]/div/article/div[1]/div[1]/div[2]/div/img[@src="//imgcy.trivago.com/c_lfill,d_dummy.jpeg,e_sharpen:60,f_auto,h_225,q_auto,w_225/itemimages/14/76/1476461_v1.jpeg"]</arg>
<doc>Verifies image identified by ``locator`` is found from current page.</doc>
<msg timestamp="20210820 17:02:59.013" level="INFO">Current page contains image 'xpath=//*[@id="1476461"]/div/article/div[1]/div[1]/div[2]/div/img[@src="//imgcy.trivago.com/c_lfill,d_dummy.jpeg,e_sharpen:60,f_auto,h_225,q_auto,w_225/itemimages/14/76/1476461_v1.jpeg"]'.</msg>
<status status="PASS" starttime="20210820 17:02:58.969" endtime="20210820 17:02:59.013"/>
</kw>
<kw name="Page Should Contain Element" library="SeleniumLibrary">
<arg>xpath=//*[@id="1476461"]/div/article/div[1]/div[2]/div/div/h3/span</arg>
<doc>Verifies that element ``locator`` is found on the current page.</doc>
<msg timestamp="20210820 17:02:59.052" level="INFO">Current page contains element 'xpath=//*[@id="1476461"]/div/article/div[1]/div[2]/div/div/h3/span'.</msg>
<status status="PASS" starttime="20210820 17:02:59.013" endtime="20210820 17:02:59.052"/>
</kw>
<kw name="Page Should Contain Element" library="SeleniumLibrary">
<arg>xpath=//*[@id="1476461"]/div/article/div[1]/div[2]/div/div/h3/span[@title="Holiday Inn Manaus"]</arg>
<doc>Verifies that element ``locator`` is found on the current page.</doc>
<msg timestamp="20210820 17:02:59.082" level="INFO">Current page contains element 'xpath=//*[@id="1476461"]/div/article/div[1]/div[2]/div/div/h3/span[@title="Holiday Inn Manaus"]'.</msg>
<status status="PASS" starttime="20210820 17:02:59.052" endtime="20210820 17:02:59.082"/>
</kw>
<kw name="Log To Console" library="BuiltIn">
<arg>"Holiday Inn Manaus"</arg>
<doc>Logs the given message to the console.</doc>
<status status="PASS" starttime="20210820 17:02:59.082" endtime="20210820 17:02:59.083"/>
</kw>
<status status="PASS" starttime="20210820 17:02:58.968" endtime="20210820 17:02:59.083"/>
</kw>
<kw name="Realizar Conferência de Avaliação" library="ResourceWeb2">
<kw name="Page Should Contain Element" library="SeleniumLibrary">
<arg>xpath=//*[@id="1476461"]/div/article/div[1]/div[2]/div/div/button/span[1]/span[1]/span</arg>
<doc>Verifies that element ``locator`` is found on the current page.</doc>
<msg timestamp="20210820 17:02:59.118" level="INFO">Current page contains element 'xpath=//*[@id="1476461"]/div/article/div[1]/div[2]/div/div/button/span[1]/span[1]/span'.</msg>
<status status="PASS" starttime="20210820 17:02:59.085" endtime="20210820 17:02:59.118"/>
</kw>
<kw name="Page Should Contain Element" library="SeleniumLibrary">
<arg>xpath=//*[@id="1476461"]/div/article/div[1]/div[2]/div/div/button/span[1]/span[2]/strong</arg>
<doc>Verifies that element ``locator`` is found on the current page.</doc>
<msg timestamp="20210820 17:02:59.143" level="INFO">Current page contains element 'xpath=//*[@id="1476461"]/div/article/div[1]/div[2]/div/div/button/span[1]/span[2]/strong'.</msg>
<status status="PASS" starttime="20210820 17:02:59.119" endtime="20210820 17:02:59.143"/>
</kw>
<kw name="Log To Console" library="BuiltIn">
<arg>Excelente|8.5</arg>
<doc>Logs the given message to the console.</doc>
<status status="PASS" starttime="20210820 17:02:59.143" endtime="20210820 17:02:59.144"/>
</kw>
<status status="PASS" starttime="20210820 17:02:59.084" endtime="20210820 17:02:59.145"/>
</kw>
<kw name="Realizar Conferência de Valor" library="ResourceWeb2">
<kw name="Page Should Contain Element" library="SeleniumLibrary">
<arg>xpath=//*[@id="1476461"]/div/article/div[1]/div[2]/section/div/article/div[1]/div[2]/div/div/div/strong</arg>
<doc>Verifies that element ``locator`` is found on the current page.</doc>
<msg timestamp="20210820 17:02:59.173" level="INFO">Current page contains element 'xpath=//*[@id="1476461"]/div/article/div[1]/div[2]/section/div/article/div[1]/div[2]/div/div/div/strong'.</msg>
<status status="PASS" starttime="20210820 17:02:59.148" endtime="20210820 17:02:59.173"/>
</kw>
<kw name="Log To Console" library="BuiltIn">
<arg>R$214,00</arg>
<doc>Logs the given message to the console.</doc>
<status status="PASS" starttime="20210820 17:02:59.174" endtime="20210820 17:02:59.174"/>
</kw>
<status status="PASS" starttime="20210820 17:02:59.146" endtime="20210820 17:02:59.175"/>
</kw>
<status status="PASS" starttime="20210820 17:02:40.873" endtime="20210820 17:02:59.176"/>
</test>
<status status="PASS" starttime="20210820 17:02:34.928" endtime="20210820 17:02:59.180"/>
</suite>
<statistics>
<total>
<stat pass="1" fail="0" skip="0">All Tests</stat>
</total>
<tag>
</tag>
<suite>
<stat pass="1" fail="0" skip="0" id="s1" name="TesteWeb2">TesteWeb2</stat>
</suite>
</statistics>
<errors>
</errors>
</robot>
